Running phase: unpackPhase
@nix { "action": "setPhase", "phase": "unpackPhase" }
unpacking source archive /nix/store/fkqjar5zhfgaxlvbhwc2cr73532akyr0-source
source root is source
Running phase: patchPhase
@nix { "action": "setPhase", "phase": "patchPhase" }
Running phase: updateAutotoolsGnuConfigScriptsPhase
@nix { "action": "setPhase", "phase": "updateAutotoolsGnuConfigScriptsPhase" }
Updating Autotools / GNU config script to a newer upstream version: ./build-aux/config.sub
Updating Autotools / GNU config script to a newer upstream version: ./build-aux/config.guess
Running phase: configurePhase
@nix { "action": "setPhase", "phase": "configurePhase" }
Checking whether you have the necessary tools...
(Read INSTALL.REPO for more details on building Emacs)
Checking for autoconf (need at least version 2.65) ... ok
Your system has the required tools.
Building aclocal.m4 ...
Running 'autoreconf -fi -I m4' ...
Building 'aclocal.m4' in exec ...
Running 'autoreconf -fi' in exec ...
You can now run './configure'.
checking for xcrun... no
checking for GNU Make... make
checking build system type... x86_64-pc-linux-gnu
checking host system type... x86_64-pc-linux-gnu
checking for javac... javac
checking for jarsigner... jarsigner
checking whether the Java compiler works... yes
checking whether android.jar is new enough... yes
checking whether javac accepts --release 7... yes
checking whether Java compiler accepts -Xlint:deprecation... yes
checking whether Java compiler accepts -Xlint:cast... yes
checking whether Java compiler accepts -Xlint:divzero... yes
checking whether Java compiler accepts -Xlint:nonempty... no
checking whether Java compiler accepts -Xlint:empty... yes
checking whether Java compiler accepts -Xlint:finally... yes
checking whether Java compiler accepts -Xlint:overrides... yes
checking whether Java compiler accepts -Xlint:path... yes
checking whether Java compiler accepts -Xlint:serial... yes
checking whether Java compiler accepts -Xlint:unchecked... yes
checking for aapt... /nix/store/haxd6mfcyi2mzi4km3i6qg3m6ii90kra-android-sdk-env/share/android-sdk/build-tools/36.0.0/aapt
checking for apksigner... /nix/store/haxd6mfcyi2mzi4km3i6qg3m6ii90kra-android-sdk-env/share/android-sdk/build-tools/36.0.0/apksigner
checking for d8... /nix/store/haxd6mfcyi2mzi4km3i6qg3m6ii90kra-android-sdk-env/share/android-sdk/build-tools/36.0.0/d8
checking whether d8.jar coresident with d8 binary provides r8... yes
checking for zipalign... /nix/store/haxd6mfcyi2mzi4km3i6qg3m6ii90kra-android-sdk-env/share/android-sdk/build-tools/36.0.0/zipalign
checking for the kind of Android system Emacs is being built for... arm64-v8a
checking for the lowest Android version Emacs can run on... 29
configure: called to recursively configure Emacs for Android.
checking for xcrun... no
checking for GNU Make... make
checking the cross-compiler's target... aarch64-unknown-linux-android29
checking build system type... x86_64-pc-linux-android
checking host system type... aarch64-unknown-linux-android29
checking for the directory where the NDK is installed... /nix/store/haxd6mfcyi2mzi4km3i6qg3m6ii90kra-android-sdk-env/share/android-sdk/ndk/27.3.13750724 (combined)
checking for aarch64-unknown-linux-android29-ar... no
checking for aarch64-unknown-linux-android29-ar... no
checking for llvm-ar... /nix/store/haxd6mfcyi2mzi4km3i6qg3m6ii90kra-android-sdk-env/share/android-sdk/ndk/27.3.13750724/toolchains/llvm/prebuilt/linux-x86_64/bin/llvm-ar
checking for aarch64-unknown-linux-android29-ranlib... no
checking for aarch64-unknown-linux-android29-ranlib... no
checking for llvm-ranlib... /nix/store/haxd6mfcyi2mzi4km3i6qg3m6ii90kra-android-sdk-env/share/android-sdk/ndk/27.3.13750724/toolchains/llvm/prebuilt/linux-x86_64/bin/llvm-ranlib
checking for readelf... /nix/store/788mx070y81zjlg5ipcl0cra3afviw9k-gcc-wrapper-15.2.0/bin/readelf
checking for aarch64-linux-android29-clang++... /nix/store/haxd6mfcyi2mzi4km3i6qg3m6ii90kra-android-sdk-env/share/android-sdk/ndk/27.3.13750724/toolchains/llvm/prebuilt/linux-x86_64/bin/aarch64-linux-android29-clang++
checking whether compiler defaults to libc++... yes

C++ compiler configuration: 

Library includes        : 
Linker options          : -lc++_shared
Library file (if any)   : /nix/store/haxd6mfcyi2mzi4km3i6qg3m6ii90kra-android-sdk-env/share/android-sdk/ndk/27.3.13750724/toolchains/llvm/prebuilt/linux-x86_64/bin/../sysroot/usr/lib/aarch64-linux-android/libc++_shared.so

configure: configuring in `exec'
checking for aarch64-unknown-linux-android29-gcc... /nix/store/haxd6mfcyi2mzi4km3i6qg3m6ii90kra-android-sdk-env/share/android-sdk/ndk/27.3.13750724/toolchains/llvm/prebuilt/linux-x86_64/bin/aarch64-linux-android29-clang
checking whether the C compiler works... yes
checking for C compiler default output file name... a.out
checking for suffix of executables... 
checking whether we are cross compiling... yes
checking for suffix of object files... o
checking whether the compiler supports GNU C... yes
checking whether /nix/store/haxd6mfcyi2mzi4km3i6qg3m6ii90kra-android-sdk-env/share/android-sdk/ndk/27.3.13750724/toolchains/llvm/prebuilt/linux-x86_64/bin/aarch64-linux-android29-clang accepts -g... yes
checking for /nix/store/haxd6mfcyi2mzi4km3i6qg3m6ii90kra-android-sdk-env/share/android-sdk/ndk/27.3.13750724/toolchains/llvm/prebuilt/linux-x86_64/bin/aarch64-linux-android29-clang option to enable C23 features... unsupported
checking for /nix/store/haxd6mfcyi2mzi4km3i6qg3m6ii90kra-android-sdk-env/share/android-sdk/ndk/27.3.13750724/toolchains/llvm/prebuilt/linux-x86_64/bin/aarch64-linux-android29-clang option to enable C11 features... none needed
checking for stdio.h... yes
checking for stdlib.h... yes
checking for string.h... yes
checking for inttypes.h... yes
checking for stdint.h... yes
checking for strings.h... yes
checking for sys/stat.h... yes
checking for sys/types.h... yes
checking for unistd.h... yes
checking for wchar.h... yes
checking for minix/config.h... no
checking whether it is safe to define __EXTENSIONS__... yes
checking whether _XOPEN_SOURCE should be defined... no
checking for aarch64-unknown-linux-android29-gcc... (cached) /nix/store/haxd6mfcyi2mzi4km3i6qg3m6ii90kra-android-sdk-env/share/android-sdk/ndk/27.3.13750724/toolchains/llvm/prebuilt/linux-x86_64/bin/aarch64-linux-android29-clang
checking whether the compiler supports GNU C... (cached) yes
checking whether /nix/store/haxd6mfcyi2mzi4km3i6qg3m6ii90kra-android-sdk-env/share/android-sdk/ndk/27.3.13750724/toolchains/llvm/prebuilt/linux-x86_64/bin/aarch64-linux-android29-clang accepts -g... (cached) yes
checking for /nix/store/haxd6mfcyi2mzi4km3i6qg3m6ii90kra-android-sdk-env/share/android-sdk/ndk/27.3.13750724/toolchains/llvm/prebuilt/linux-x86_64/bin/aarch64-linux-android29-clang option to enable C23 features... (cached) unsupported
checking for /nix/store/haxd6mfcyi2mzi4km3i6qg3m6ii90kra-android-sdk-env/share/android-sdk/ndk/27.3.13750724/toolchains/llvm/prebuilt/linux-x86_64/bin/aarch64-linux-android29-clang option to enable C11 features... (cached) none needed
checking how to run the C preprocessor... /nix/store/haxd6mfcyi2mzi4km3i6qg3m6ii90kra-android-sdk-env/share/android-sdk/ndk/27.3.13750724/toolchains/llvm/prebuilt/linux-x86_64/bin/aarch64-linux-android29-clang -E
checking for a BSD-compatible install... /nix/store/9ypz3flqsrl5xl495mm8h645gadjsxi1-coreutils-9.11/bin/install -c
checking for uint8_t... yes
checking for uint16_t... yes
checking for uint32_t... yes
checking for uint64_t... yes
checking for uintptr_t... yes
checking for size_t... yes
checking for ssize_t... yes
checking for pid_t... yes
checking for _Bool... yes
checking for stdbool.h that conforms to C99 or later... yes
checking for getpagesize... yes
checking for stpcpy... yes
checking for /nix/store/haxd6mfcyi2mzi4km3i6qg3m6ii90kra-android-sdk-env/share/android-sdk/ndk/27.3.13750724/toolchains/llvm/prebuilt/linux-x86_64/bin/aarch64-linux-android29-clang options to detect undeclared functions... none needed
checking for /nix/store/haxd6mfcyi2mzi4km3i6qg3m6ii90kra-android-sdk-env/share/android-sdk/ndk/27.3.13750724/toolchains/llvm/prebuilt/linux-x86_64/bin/aarch64-linux-android29-clang options to ignore future-version functions... none needed
checking whether stpcpy is declared... yes
checking for process_vm_readv... yes
checking for process_vm_writev... yes
checking whether process_vm_readv is declared... yes
checking for sys/param.h... yes
checking for sys/uio.h... yes
checking for siginfo_t.si_syscall... yes
checking whether byte ordering is bigendian... no
checking build system type... x86_64-pc-linux-android
checking host system type... aarch64-unknown-linux-android29
checking for sys/user.h... yes
checking for gm4... no
checking for m4... m4
checking for aarch64-unknown-linux-android29-as... /nix/store/haxd6mfcyi2mzi4km3i6qg3m6ii90kra-android-sdk-env/share/android-sdk/ndk/27.3.13750724/toolchains/llvm/prebuilt/linux-x86_64/bin/aarch64-linux-android29-clang
checking for aarch64-unknown-linux-android29-ar... /nix/store/haxd6mfcyi2mzi4km3i6qg3m6ii90kra-android-sdk-env/share/android-sdk/ndk/27.3.13750724/toolchains/llvm/prebuilt/linux-x86_64/bin/llvm-ar
checking for aarch64-unknown-linux-android29-ld... /nix/store/haxd6mfcyi2mzi4km3i6qg3m6ii90kra-android-sdk-env/share/android-sdk/ndk/27.3.13750724/toolchains/llvm/prebuilt/linux-x86_64/bin/aarch64-linux-android29-clang
checking whether ld is a C compiler... yes
checking whether as is a C compiler... yes
checking for struct user_regs_struct.sp... yes
checking whether __NR_clone3 is declared... yes
checking for linux/seccomp.h... yes
checking whether SECCOMP_SET_MODE_FILTER is declared... yes
checking whether SECCOMP_FILTER_FLAG_TSYNC is declared... yes
checking whether SECCOMP_RET_TRACE is declared... yes
checking for linux/filter.h... yes
checking whether SECCOMP_SET_MODE_FILTER is declared... (cached) yes
checking whether SECCOMP_FILTER_FLAG_TSYNC is declared... (cached) yes
checking whether SECCOMP_RET_TRACE is declared... (cached) yes
checking whether as understands -O... yes
checking whether as understands -g... yes
checking whether gcc understands -MMD -MF... yes
checking for 'find' args to delete a file... -delete
configure: creating ./config.status
config.status: creating Makefile
config.status: creating config.h
checking whether the C compiler works... yes
checking for C compiler default output file name... a.out
checking for suffix of executables... 
checking whether we are cross compiling... yes
checking for suffix of object files... o
checking whether the compiler supports GNU C... yes
checking whether /nix/store/haxd6mfcyi2mzi4km3i6qg3m6ii90kra-android-sdk-env/share/android-sdk/ndk/27.3.13750724/toolchains/llvm/prebuilt/linux-x86_64/bin/aarch64-linux-android29-clang accepts -g... yes
checking for /nix/store/haxd6mfcyi2mzi4km3i6qg3m6ii90kra-android-sdk-env/share/android-sdk/ndk/27.3.13750724/toolchains/llvm/prebuilt/linux-x86_64/bin/aarch64-linux-android29-clang option to enable C23 features... (cached) unsupported
checking for /nix/store/haxd6mfcyi2mzi4km3i6qg3m6ii90kra-android-sdk-env/share/android-sdk/ndk/27.3.13750724/toolchains/llvm/prebuilt/linux-x86_64/bin/aarch64-linux-android29-clang option to enable C11 features... none needed
checking whether the compiler is clang... yes
checking for compiler option needed when checking for declarations... -Werror=implicit-function-declaration
checking for stdio.h... yes
checking for stdlib.h... yes
checking for string.h... yes
checking for inttypes.h... yes
checking for stdint.h... yes
checking for strings.h... yes
checking for sys/stat.h... yes
checking for sys/types.h... yes
checking for unistd.h... yes
checking for wchar.h... yes
checking for minix/config.h... no
checking for linux/fs.h... yes
checking for malloc.h... yes
checking for sys/systeminfo.h... no
checking for sys/sysinfo.h... yes
checking for coff.h... no
checking for pty.h... yes
checking for sys/resource.h... yes
checking for sys/utsname.h... yes
checking for pwd.h... yes
checking for util.h... no
checking for sanitizer/lsan_interface.h... yes
checking for sanitizer/asan_interface.h... yes
checking for sanitizer/common_interface_defs.h... yes
checking for sys/socket.h... yes
checking for sys/param.h... yes
checking for pthread.h... yes
checking for malloc/malloc.h... no
checking for sys/un.h... yes
checking for vfork.h... no
checking for stdbool.h... yes
checking for utmp.h... yes
checking for utmpx.h... yes
checking for OS.h... no
checking for byteswap.h... yes
checking for dirent.h... yes
checking for execinfo.h... yes
checking for linux/xattr.h... yes
checking for selinux/selinux.h... no
checking for stdio_ext.h... yes
checking for sys/vfs.h... yes
checking for sys/fs_types.h... no
checking for getopt.h... yes
checking for sys/time.h... yes
checking for ieee754.h... no
checking for limits.h... yes
checking for sys/select.h... yes
checking for stdbit.h... no
checking for stdckdint.h... yes
checking for sys/random.h... yes
checking for endian.h... yes
checking for sys/endian.h... yes
checking whether it is safe to define __EXTENSIONS__... yes
checking whether _XOPEN_SOURCE should be defined... no
checking how to run the C preprocessor... /nix/store/haxd6mfcyi2mzi4km3i6qg3m6ii90kra-android-sdk-env/share/android-sdk/ndk/27.3.13750724/toolchains/llvm/prebuilt/linux-x86_64/bin/aarch64-linux-android29-clang -E
checking for egrep -e... /nix/store/gn94gpcp5q08x4v6g8mvw8v4r65rcjzk-gnugrep-3.12/bin/grep -E
checking for Minix Amsterdam compiler... no
checking for ar... /nix/store/haxd6mfcyi2mzi4km3i6qg3m6ii90kra-android-sdk-env/share/android-sdk/ndk/27.3.13750724/toolchains/llvm/prebuilt/linux-x86_64/bin/llvm-ar
configure: WARNING: using cross tools not prefixed with host triplet
checking for /nix/store/haxd6mfcyi2mzi4km3i6qg3m6ii90kra-android-sdk-env/share/android-sdk/ndk/27.3.13750724/toolchains/llvm/prebuilt/linux-x86_64/bin/aarch64-linux-android29-clang option to support large files... none needed
checking for /nix/store/haxd6mfcyi2mzi4km3i6qg3m6ii90kra-android-sdk-env/share/android-sdk/ndk/27.3.13750724/toolchains/llvm/prebuilt/linux-x86_64/bin/aarch64-linux-android29-clang option to support timestamps after 2038... none needed
checking whether the compiler supports GNU C++... yes
checking whether /nix/store/haxd6mfcyi2mzi4km3i6qg3m6ii90kra-android-sdk-env/share/android-sdk/ndk/27.3.13750724/toolchains/llvm/prebuilt/linux-x86_64/bin/aarch64-linux-android29-clang++  accepts -g... yes
checking for string... yes
checking whether toolchain supports configurations with 16k page sizes... yes
checking whether /nix/store/haxd6mfcyi2mzi4km3i6qg3m6ii90kra-android-sdk-env/share/android-sdk/ndk/27.3.13750724/toolchains/llvm/prebuilt/linux-x86_64/bin/aarch64-linux-android29-clang accepts -O... yes
checking whether the compiler is clang... yes
checking whether C compiler handles -Werror -Wunknown-warning-option... yes
checking whether C compiler handles -Wno-pointer-sign... yes
checking whether C compiler handles -Wno-string-plus-int... yes
checking whether C compiler handles -Wno-unknown-attributes... yes
checking whether C compiler handles -Wno-unknown-pragmas... yes
checking whether C compiler handles -Wno-initializer-overrides... yes
checking whether C compiler handles -Wno-tautological-compare... yes
checking whether C compiler handles -Wno-tautological-constant-out-of-range-compare... yes
checking for a BSD-compatible install... /nix/store/9ypz3flqsrl5xl495mm8h645gadjsxi1-coreutils-9.11/bin/install -c
checking for gawk... gawk
checking command to symlink files in the same directory... ln -s
checking for install-info... /nix/store/mwqffnbv8lx555chi53xavn2x95j9v72-texinfo-7.2/bin/install-info
checking for gzip... /nix/store/ndpbjk6jhw0da5h272dqqnyxa35a9gmx-gzip-1.14/bin/gzip
checking for 'find' args to delete a file... -delete
checking for brew... no
checking whether addresses are sanitized... no
checking for flag to work around GCC union bugs... none needed
checking for math library... -lm
checking for machine/soundcard.h... no
checking for sys/soundcard.h... no
checking for soundcard.h... no
checking for mmsystem.h... no
checking for _oss_ioctl in -lossaudio... no
checking for Android.mk providing alsa... no
checking for ADDR_NO_RANDOMIZE... yes
checking if Linux sysinfo may be used... yes
checking for sys/wait.h that is POSIX.1 compatible... yes
checking for net/if.h... yes
checking for ifaddrs.h... yes
checking for net/if_dl.h... no
checking for struct ifreq.ifr_flags... yes
checking for struct ifreq.ifr_hwaddr... yes
checking for struct ifreq.ifr_netmask... yes
checking for struct ifreq.ifr_broadaddr... yes
checking for struct ifreq.ifr_addr... yes
checking for struct ifreq.ifr_addr.sa_len... no
checking whether gcc understands -MMD -MF... yes
checking for /nix/store/haxd6mfcyi2mzi4km3i6qg3m6ii90kra-android-sdk-env/share/android-sdk/ndk/27.3.13750724/toolchains/llvm/prebuilt/linux-x86_64/bin/aarch64-linux-android29-clang options to detect undeclared functions... none needed
checking for /nix/store/haxd6mfcyi2mzi4km3i6qg3m6ii90kra-android-sdk-env/share/android-sdk/ndk/27.3.13750724/toolchains/llvm/prebuilt/linux-x86_64/bin/aarch64-linux-android29-clang options to ignore future-version functions... none needed
checking whether android_get_device_api_level is declared... yes
checking for struct passwd.pw_gecos... yes
checking whether malloc is Doug Lea style... no
checking alignment of EMACS_INT... 8
checking size of long... 8
checking for struct alignment... yes
checking for alignas and alignof... yes, <stdalign.h> macros
checking for sbrk... yes
checking for getpagesize... yes
checking for __lsan_ignore_object... no
checking for fork... yes
checking for vfork... yes
checking for fchmod... yes
checking for utmpname... yes
checking for utmpxname... no
checking for canonicalize_file_name... no
checking for realpath... yes
checking for lstat... yes
checking for fchmodat... yes
checking for lchmod... no
checking for fcntl... yes
checking for fdopendir... yes
checking for listxattr... yes
checking for fstatat... yes
checking for fsync... yes
checking for gettimeofday... yes
checking for memset_s... no
checking for strftime_z... no
checking for pselect... yes
checking for pthread_sigmask... yes
checking for readlink... yes
checking for isblank... yes
checking for iswctype... yes
checking for strtoimax... yes
checking for symlink... yes
checking for localtime_r... yes
checking for getdtablesize... no
checking for utimens... no
checking for lutimens... no
checking for working mmap... yes
checking for main in -lXbsd... no
checking for pthread library... none needed
checking alignment of max_align_t... 16
checking alignment of pthread_cond_t... 4
checking alignment of pthread_mutex_t... 4
checking for thread support... yes
checking for Android.mk providing librsvg... no
checking for Android.mk providing webpdemux... no
checking for Android.mk providing webp... no
checking for Android.mk providing libsqlite_static_minimal... no
checking for getaddrinfo_a in -lanl... no
checking for malloc_trim... no
checking for Android.mk providing gnutls... no
checking for Android.mk providing tree-sitter... no
checking for Android.mk providing tree-sitter... (cached) no
checking for sys/inotify.h... yes
checking for inotify_init... yes
checking for inotify_init1... yes
checking for Android.mk providing harfbuzz... no
checking for Android.mk providing libjpeg... no
checking for Android.mk providing liblcms2... no
checking for library containing inflateEnd... -lz
checking for dlopen... yes
checking for dladdr... yes
checking for dlfunc... no
checking for gcc_jit_context_acquire in -lgccjit... no
configure: WARNING: Elisp native compiler can't be enabled as libgccjit was not
found.
Please try installing libgccjit or a similar package if you want to have it
enabled.
checking for libgccjit.h... no
configure: error: Lisp native compiler was requested, but libgccjit header files were
not found.
Please try installing libgccjit-dev or a similar package.
If you are sure you want Emacs be compiled without the Lisp native compiler,
pass the --without-native-compilation option to configure.
configure: error: Failed to cross-configure Emacs for android.
